go: downloading github.com/spf13/cobra v1.7.0
go: downloading github.com/olekukonko/tablewriter v0.0.5
go: downloading github.com/mattn/go-runewidth v0.0.14
go: downloading github.com/containerd/console v1.0.3
go: downloading golang.org/x/crypto v0.36.0
go: downloading golang.org/x/sync v0.12.0
go: downloading golang.org/x/term v0.30.0
go: downloading github.com/google/uuid v1.6.0
go: downloading golang.org/x/text v0.23.0
go: downloading github.com/emirpasic/gods/v2 v2.0.0-alpha
go: downloading github.com/gin-contrib/cors v1.7.2
go: downloading github.com/gin-gonic/gin v1.10.0
go: downloading golang.org/x/image v0.22.0
go: downloading github.com/d4l3k/go-bfloat16 v0.0.0-20211005043715-690c3bdd05f1
go: downloading github.com/nlpodyssey/gopickle v0.3.0
go: downloading github.com/pdevine/tensor v0.0.0-20240510204454-f88f4562727c
go: downloading github.com/x448/float16 v0.8.4
go: downloading gonum.org/v1/gonum v0.15.0
go: downloading google.golang.org/protobuf v1.34.1
go: downloading github.com/agnivade/levenshtein v1.1.1
go: downloading github.com/dlclark/regexp2 v1.11.4
go: downloading golang.org/x/sys v0.36.0
go: downloading github.com/rivo/uniseg v0.2.0
go: downloading github.com/spf13/pflag v1.0.5
go: downloading github.com/gin-contrib/sse v0.1.0
go: downloading github.com/mattn/go-isatty v0.0.20
go: downloading golang.org/x/net v0.38.0
go: downloading github.com/go-playground/validator/v10 v10.20.0
go: downloading github.com/pelletier/go-toml/v2 v2.2.2
go: downloading github.com/ugorji/go/codec v1.2.12
go: downloading gopkg.in/yaml.v3 v3.0.1
go: downloading github.com/pkg/errors v0.9.1
go: downloading github.com/apache/arrow/go/arrow v0.0.0-20211112161151-bc219186db40
go: downloading github.com/chewxy/hm v1.0.0
go: downloading github.com/chewxy/math32 v1.11.0
go: downloading github.com/google/flatbuffers v24.3.25+incompatible
go: downloading go4.org/unsafe/assume-no-moving-gc v0.0.0-20231121144256-b99613f794b6
go: downloading gorgonia.org/vecf32 v0.9.0
go: downloading gorgonia.org/vecf64 v0.9.0
go: downloading github.com/gabriel-vasile/mimetype v1.4.3
go: downloading github.com/go-playground/universal-translator v0.18.1
go: downloading github.com/leodido/go-urn v1.4.0
go: downloading github.com/gogo/protobuf v1.3.2
go: downloading github.com/golang/protobuf v1.5.4
go: downloading github.com/xtgo/set v1.0.0
go: downloading golang.org/x/xerrors v0.0.0-20200804184101-5ec99f83aff1
go: downloading github.com/go-playground/locales v0.14.1
go: downloading golang.org/x/exp v0.0.0-20250218142911-aa4b98e5adaa
